#
# There is insufficient memory for the Java Runtime Environment to continue.
# Native memory allocation (mmap) failed to map 1540096 bytes for G1 virtual space
# Possible reasons:
#   The system is out of physical RAM or swap space
#   The process is running with CompressedOops enabled, and the Java Heap may be blocking the growth of the native heap
# Possible solutions:
#   Reduce memory load on the system
#   Increase physical memory or swap space
#   Check if swap backing store is full
#   Decrease Java heap size (-Xmx/-Xms)
#   Decrease number of Java threads
#   Decrease Java thread stack sizes (-Xss)
#   Set larger code cache with -XX:ReservedCodeCacheSize=
#   JVM is running with Unscaled Compressed Oops mode in which the Java heap is
#     placed in the first 4GB address space. The Java Heap base address is the
#     maximum limit for the native heap growth. Please use -XX:HeapBaseMinAddress
#     to set the Java Heap base and to place the Java Heap above 4GB virtual address.
# This output file may be truncated or incomplete.
#
#  Out of Memory Error (os_windows.cpp:3548), pid=49992, tid=49884
#
# JRE version:  (17.0.5+8) (build )
# Java VM: OpenJDK 64-Bit Server VM (17.0.5+8, mixed mode, sharing, tiered, compressed oops, compressed class ptrs, g1 gc, windows-amd64)
# No core dump will be written. Minidumps are not enabled by default on client versions of Windows
#

---------------  S U M M A R Y ------------

Command Line: -Dfile.encoding=UTF-8 --module-path=C:\Users\juana\OneDrive\Escritorio\Espacio de Trabajo Eclipse\Alumnos Material\driver-connector\mysql-connector-java-5.1.46.jar -XX:+ShowCodeDetailsInExceptionMessages vista.Header

Host: AMD Ryzen 3 5300U with Radeon Graphics         , 8 cores, 5G,  Windows 11 , 64 bit Build 22621 (10.0.22621.963)
Time: Sun Jan  1 16:57:07 2023 Hora est. Pacífico, Sudamérica elapsed time: 0.102873 seconds (0d 0h 0m 0s)

---------------  T H R E A D  ---------------

Current thread (0x000001acb05f3ee0):  JavaThread "Unknown thread" [_thread_in_vm, id=49884, stack(0x0000007ecad00000,0x0000007ecae00000)]

Stack: [0x0000007ecad00000,0x0000007ecae00000]
Native frames: (J=compiled Java code, j=interpreted, Vv=VM code, C=native code)
V  [jvm.dll+0x676b3a]
V  [jvm.dll+0x831444]
V  [jvm.dll+0x832bee]
V  [jvm.dll+0x833253]
V  [jvm.dll+0x244ce5]
V  [jvm.dll+0x673a49]
V  [jvm.dll+0x66811a]
V  [jvm.dll+0x303ceb]
V  [jvm.dll+0x30b1e6]
V  [jvm.dll+0x35ade8]
V  [jvm.dll+0x35afef]
V  [jvm.dll+0x2dab88]
V  [jvm.dll+0x2dbaf4]
V  [jvm.dll+0x803121]
V  [jvm.dll+0x368bb1]
V  [jvm.dll+0x7e265c]
V  [jvm.dll+0x3eb17f]
V  [jvm.dll+0x3eccc1]
C  [jli.dll+0x5267]
C  [ucrtbase.dll+0x29363]
C  [KERNEL32.DLL+0x126bd]
C  [ntdll.dll+0x5dfb8]


---------------  P R O C E S S  ---------------

Threads class SMR info:
_java_thread_list=0x00007ffc840f2f18, length=0, elements={
}

Java Threads: ( => current thread )

Other Threads:
  0x000001acb0640170 GCTaskThread "GC Thread#0" [stack: 0x0000007ecae00000,0x0000007ecaf00000] [id=50944]
  0x000001acb064dd60 ConcurrentGCThread "G1 Main Marker" [stack: 0x0000007ecaf00000,0x0000007ecb000000] [id=51204]
  0x000001acb0650dd0 ConcurrentGCThread "G1 Conc#0" [stack: 0x0000007ecb000000,0x0000007ecb100000] [id=51208]

[error occurred during error reporting (printing all threads), id 0xc0000005, EXCEPTION_ACCESS_VIOLATION (0xc0000005) at pc=0x00007ffc838cb617]

VM state: not at safepoint (not fully initialized)

VM Mutex/Monitor currently owned by a thread:  ([mutex/lock_event])
[0x000001acb05effa0] Heap_lock - owner thread: 0x000001acb05f3ee0

Heap address: 0x00000000a2600000, size: 1498 MB, Compressed Oops mode: 32-bit

CDS archive(s) mapped at: [0x0000000000000000-0x0000000000000000-0x0000000000000000), size 0, SharedBaseAddress: 0x0000000800000000, ArchiveRelocationMode: 0.
Narrow klass base: 0x0000000000000000, Narrow klass shift: 0, Narrow klass range: 0x0

GC Precious Log:
<Empty>

Heap:
 garbage-first heap   total 0K, used 0K [0x00000000a2600000, 0x0000000100000000)
  region size 1024K, 0 young (0K), 0 survivors (0K)

[error occurred during error reporting (printing heap information), id 0xc0000005, EXCEPTION_ACCESS_VIOLATION (0xc0000005) at pc=0x00007ffc83cafcb9]

GC Heap History (0 events):
No events

Dll operation events (1 events):
Event: 0.012 Loaded shared library C:\Users\juana\.p2\pool\plugins\org.eclipse.justj.openjdk.hotspot.jre.full.win32.x86_64_17.0.5.v20221102-0933\jre\bin\java.dll

Deoptimization events (0 events):
No events

Classes unloaded (0 events):
No events

Classes redefined (0 events):
No events

Internal exceptions (0 events):
No events

VM Operations (0 events):
No events

Events (0 events):
No events


Dynamic libraries:
0x00007ff747070000 - 0x00007ff74707e000 	C:\Users\juana\.p2\pool\plugins\org.eclipse.justj.openjdk.hotspot.jre.full.win32.x86_64_17.0.5.v20221102-0933\jre\bin\javaw.exe
0x00007ffcc2450000 - 0x00007ffcc2664000 	C:\WINDOWS\SYSTEM32\ntdll.dll
0x00007ffcc06c0000 - 0x00007ffcc0783000 	C:\WINDOWS\System32\KERNEL32.DLL
0x00007ffcbf870000 - 0x00007ffcbfc0d000 	C:\WINDOWS\System32\KERNELBASE.dll
0x00007ffcbfeb0000 - 0x00007ffcbffc1000 	C:\WINDOWS\System32\ucrtbase.dll
0x00007ffcb7d00000 - 0x00007ffcb7d17000 	C:\Users\juana\.p2\pool\plugins\org.eclipse.justj.openjdk.hotspot.jre.full.win32.x86_64_17.0.5.v20221102-0933\jre\bin\jli.dll
0x00007ffcafae0000 - 0x00007ffcafaf9000 	C:\Users\juana\.p2\pool\plugins\org.eclipse.justj.openjdk.hotspot.jre.full.win32.x86_64_17.0.5.v20221102-0933\jre\bin\VCRUNTIME140.dll
0x00007ffcc0800000 - 0x00007ffcc09ad000 	C:\WINDOWS\System32\USER32.dll
0x00007ffcbeb30000 - 0x00007ffcbedbe000 	C:\WINDOWS\WinSxS\amd64_microsoft.windows.common-controls_6595b64144ccf1df_6.0.22621.608_none_a9444ca7c10bb01d\COMCTL32.dll
0x00007ffcc00f0000 - 0x00007ffcc0116000 	C:\WINDOWS\System32\win32u.dll
0x00007ffcc11a0000 - 0x00007ffcc1247000 	C:\WINDOWS\System32\msvcrt.dll
0x00007ffcc1660000 - 0x00007ffcc1689000 	C:\WINDOWS\System32\GDI32.dll
0x00007ffcbffd0000 - 0x00007ffcc00e2000 	C:\WINDOWS\System32\gdi32full.dll
0x00007ffcc01a0000 - 0x00007ffcc023a000 	C:\WINDOWS\System32\msvcp_win.dll
0x00007ffcc0c30000 - 0x00007ffcc0c62000 	C:\WINDOWS\System32\IMM32.DLL
0x00007ffcb9a90000 - 0x00007ffcb9a9c000 	C:\Users\juana\.p2\pool\plugins\org.eclipse.justj.openjdk.hotspot.jre.full.win32.x86_64_17.0.5.v20221102-0933\jre\bin\vcruntime140_1.dll
0x00007ffca95d0000 - 0x00007ffca9661000 	C:\Users\juana\.p2\pool\plugins\org.eclipse.justj.openjdk.hotspot.jre.full.win32.x86_64_17.0.5.v20221102-0933\jre\bin\msvcp140.dll
0x00007ffc835e0000 - 0x00007ffc84224000 	C:\Users\juana\.p2\pool\plugins\org.eclipse.justj.openjdk.hotspot.jre.full.win32.x86_64_17.0.5.v20221102-0933\jre\bin\server\jvm.dll
0x00007ffcc09b0000 - 0x00007ffcc0a5e000 	C:\WINDOWS\System32\ADVAPI32.dll
0x00007ffcc0c70000 - 0x00007ffcc0d14000 	C:\WINDOWS\System32\sechost.dll
0x00007ffcc0f60000 - 0x00007ffcc1075000 	C:\WINDOWS\System32\RPCRT4.dll
0x00007ffcbc530000 - 0x00007ffcbc564000 	C:\WINDOWS\SYSTEM32\WINMM.dll
0x00007ffcb6f90000 - 0x00007ffcb6f9a000 	C:\WINDOWS\SYSTEM32\VERSION.dll
0x00007ffc8ef10000 - 0x00007ffc8ef19000 	C:\WINDOWS\SYSTEM32\WSOCK32.dll
0x00007ffcc2090000 - 0x00007ffcc2101000 	C:\WINDOWS\System32\WS2_32.dll
0x00007ffcbda20000 - 0x00007ffcbda38000 	C:\WINDOWS\SYSTEM32\kernel.appcore.dll
0x00007ffcbf050000 - 0x00007ffcbf05a000 	C:\Users\juana\.p2\pool\plugins\org.eclipse.justj.openjdk.hotspot.jre.full.win32.x86_64_17.0.5.v20221102-0933\jre\bin\jimage.dll
0x00007ffcbf160000 - 0x00007ffcbf38e000 	C:\WINDOWS\SYSTEM32\DBGHELP.DLL
0x00007ffcc1260000 - 0x00007ffcc15ea000 	C:\WINDOWS\System32\combase.dll
0x00007ffcc2110000 - 0x00007ffcc21e7000 	C:\WINDOWS\System32\OLEAUT32.dll
0x00007ffcbef90000 - 0x00007ffcbefc2000 	C:\WINDOWS\SYSTEM32\dbgcore.DLL
0x00007ffcc0120000 - 0x00007ffcc019b000 	C:\WINDOWS\System32\bcryptPrimitives.dll
0x00007ffcb4260000 - 0x00007ffcb4285000 	C:\Users\juana\.p2\pool\plugins\org.eclipse.justj.openjdk.hotspot.jre.full.win32.x86_64_17.0.5.v20221102-0933\jre\bin\java.dll

dbghelp: loaded successfully - version: 4.0.5 - missing functions: none
symbol engine: initialized successfully - sym options: 0x614 - pdb path: .;C:\Users\juana\.p2\pool\plugins\org.eclipse.justj.openjdk.hotspot.jre.full.win32.x86_64_17.0.5.v20221102-0933\jre\bin;C:\WINDOWS\SYSTEM32;C:\WINDOWS\WinSxS\amd64_microsoft.windows.common-controls_6595b64144ccf1df_6.0.22621.608_none_a9444ca7c10bb01d;C:\Users\juana\.p2\pool\plugins\org.eclipse.justj.openjdk.hotspot.jre.full.win32.x86_64_17.0.5.v20221102-0933\jre\bin\server

VM Arguments:
jvm_args: -Dfile.encoding=UTF-8 --module-path=C:\Users\juana\OneDrive\Escritorio\Espacio de Trabajo Eclipse\Alumnos Material\driver-connector\mysql-connector-java-5.1.46.jar -XX:+ShowCodeDetailsInExceptionMessages 
java_command: vista.Header
java_class_path (initial): C:\Users\juana\OneDrive\Escritorio\Espacio de Trabajo Eclipse\Alumnos Material\bin
Launcher Type: SUN_STANDARD

[Global flags]
     intx CICompilerCount                          = 4                                         {product} {ergonomic}
     uint ConcGCThreads                            = 2                                         {product} {ergonomic}
     uint G1ConcRefinementThreads                  = 8                                         {product} {ergonomic}
   size_t G1HeapRegionSize                         = 1048576                                   {product} {ergonomic}
    uintx GCDrainStackTargetSize                   = 64                                        {product} {ergonomic}
   size_t InitialHeapSize                          = 98566144                                  {product} {ergonomic}
   size_t MarkStackSize                            = 4194304                                   {product} {ergonomic}
   size_t MaxHeapSize                              = 1570766848                                {product} {ergonomic}
   size_t MinHeapDeltaBytes                        = 1048576                                   {product} {ergonomic}
   size_t MinHeapSize                              = 8388608                                   {product} {ergonomic}
    uintx NonNMethodCodeHeapSize                   = 5839372                                {pd product} {ergonomic}
    uintx NonProfiledCodeHeapSize                  = 122909434                              {pd product} {ergonomic}
    uintx ProfiledCodeHeapSize                     = 122909434                              {pd product} {ergonomic}
    uintx ReservedCodeCacheSize                    = 251658240                              {pd product} {ergonomic}
     bool SegmentedCodeCache                       = true                                      {product} {ergonomic}
     bool ShowCodeDetailsInExceptionMessages       = true                                   {manageable} {command line}
   size_t SoftMaxHeapSize                          = 1570766848                             {manageable} {ergonomic}
     bool UseCompressedClassPointers               = true                           {product lp64_product} {ergonomic}
     bool UseCompressedOops                        = true                           {product lp64_product} {ergonomic}
     bool UseG1GC                                  = true                                      {product} {ergonomic}
     bool UseLargePagesIndividualAllocation        = false                                  {pd product} {ergonomic}

Logging:
Log output configuration:
 #0: stdout all=warning uptime,level,tags
 #1: stderr all=off uptime,level,tags

Environment Variables:
PATH=C:/Users/juana/.p2/pool/plugins/org.eclipse.justj.openjdk.hotspot.jre.full.win32.x86_64_17.0.5.v20221102-0933/jre/bin/server;C:/Users/juana/.p2/pool/plugins/org.eclipse.justj.openjdk.hotspot.jre.full.win32.x86_64_17.0.5.v20221102-0933/jre/bin;C:\WINDOWS\system32;C:\WINDOWS;C:\WINDOWS\System32\Wbem;C:\WINDOWS\System32\WindowsPowerShell\v1.0\;C:\WINDOWS\System32\OpenSSH\;C:\Users\juana\AppData\Local\Microsoft\WindowsApps;;C:\Users\juana\OneDrive\Escritorio;
USERNAME=juana
OS=Windows_NT
PROCESSOR_IDENTIFIER=AMD64 Family 23 Model 104 Stepping 1, AuthenticAMD
TMP=C:\Users\juana\AppData\Local\Temp
TEMP=C:\Users\juana\AppData\Local\Temp



---------------  S Y S T E M  ---------------

OS:
 Windows 11 , 64 bit Build 22621 (10.0.22621.963)
OS uptime: 3 days 4:28 hours

CPU: total 8 (initial active 8) (8 cores per cpu, 2 threads per core) family 23 model 104 stepping 1 microcode 0x0, cx8, cmov, fxsr, ht, mmx, 3dnowpref, sse, sse2, sse3, ssse3, sse4a, sse4.1, sse4.2, popcnt, lzcnt, tsc, tscinvbit, avx, avx2, aes, clmul, bmi1, bmi2, adx, sha, fma, vzeroupper, clflush, clflushopt

Memory: 4k page, system-wide physical 5989M (230M free)
TotalPageFile size 24421M (AvailPageFile size 7M)
current process WorkingSet (physical memory assigned to process): 11M, peak: 11M
current process commit charge ("private bytes"): 155M, peak: 157M

vm_info: OpenJDK 64-Bit Server VM (17.0.5+8) for windows-amd64 JRE (17.0.5+8), built on Oct 19 2022 04:48:13 by "temurin" with MS VC++ 16.7 (VS2019)

END.
