#
# There is insufficient memory for the Java Runtime Environment to continue.
# Native memory allocation (malloc) failed to allocate 167536 bytes for Chunk::new
# Possible reasons:
#   The system is out of physical RAM or swap space
#   The process is running with CompressedOops enabled, and the Java Heap may be blocking the growth of the native heap
# Possible solutions:
#   Reduce memory load on the system
#   Increase physical memory or swap space
#   Check if swap backing store is full
#   Decrease Java heap size (-Xmx/-Xms)
#   Decrease number of Java threads
#   Decrease Java thread stack sizes (-Xss)
#   Set larger code cache with -XX:ReservedCodeCacheSize=
#   JVM is running with Unscaled Compressed Oops mode in which the Java heap is
#     placed in the first 4GB address space. The Java Heap base address is the
#     maximum limit for the native heap growth. Please use -XX:HeapBaseMinAddress
#     to set the Java Heap base and to place the Java Heap above 4GB virtual address.
# This output file may be truncated or incomplete.
#
#  Out of Memory Error (arena.cpp:189), pid=48996, tid=48424
#
# JRE version: OpenJDK Runtime Environment Temurin-17.0.5+8 (17.0.5+8) (build 17.0.5+8)
# Java VM: OpenJDK 64-Bit Server VM Temurin-17.0.5+8 (17.0.5+8, mixed mode, tiered, compressed oops, compressed class ptrs, g1 gc, windows-amd64)
# No core dump will be written. Minidumps are not enabled by default on client versions of Windows
#

---------------  S U M M A R Y ------------

Command Line: -Dfile.encoding=UTF-8 --module-path=C:\Users\juana\OneDrive\Escritorio\Espacio de Trabajo Eclipse\Alumnos Material\driver-connector\mysql-connector-java-5.1.46.jar -XX:+ShowCodeDetailsInExceptionMessages vista.Header

Host: AMD Ryzen 3 5300U with Radeon Graphics         , 8 cores, 5G,  Windows 11 , 64 bit Build 22621 (10.0.22621.963)
Time: Sun Jan  1 16:58:03 2023 Hora est. Pacífico, Sudamérica elapsed time: 0.374199 seconds (0d 0h 0m 0s)

---------------  T H R E A D  ---------------

Current thread (0x000001e16416d720):  JavaThread "C2 CompilerThread0" daemon [_thread_in_native, id=48424, stack(0x0000005f07600000,0x0000005f07700000)]


Current CompileTask:
C2:    374  303       4       java.util.HashMap::putVal (300 bytes)

Stack: [0x0000005f07600000,0x0000005f07700000]
Native frames: (J=compiled Java code, j=interpreted, Vv=VM code, C=native code)
V  [jvm.dll+0x676b3a]
V  [jvm.dll+0x831444]
V  [jvm.dll+0x832bee]
V  [jvm.dll+0x833253]
V  [jvm.dll+0x244ce5]
V  [jvm.dll+0xabbac]
V  [jvm.dll+0xac17c]
V  [jvm.dll+0x362d02]
V  [jvm.dll+0x32d591]
V  [jvm.dll+0x32ca3a]
V  [jvm.dll+0x217b51]
V  [jvm.dll+0x216f71]
V  [jvm.dll+0x1a343d]
V  [jvm.dll+0x22698a]
V  [jvm.dll+0x224ac5]
V  [jvm.dll+0x7e727b]
V  [jvm.dll+0x7e17ea]
V  [jvm.dll+0x6759e5]
C  [ucrtbase.dll+0x29363]
C  [KERNEL32.DLL+0x126bd]
C  [ntdll.dll+0x5dfb8]


---------------  P R O C E S S  ---------------

Threads class SMR info:
_java_thread_list=0x000001e1643c5ca0, length=12, elements={
0x000001e14ab87060, 0x000001e163763800, 0x000001e16377cf60, 0x000001e1637a12a0,
0x000001e164140090, 0x000001e164140950, 0x000001e164149620, 0x000001e16416d720,
0x000001e1637a23c0, 0x000001e1637ae4b0, 0x000001e16426ce30, 0x000001e164417130
}

Java Threads: ( => current thread )
  0x000001e14ab87060 JavaThread "main" [_thread_in_vm, id=49668, stack(0x0000005f06900000,0x0000005f06a00000)]
  0x000001e163763800 JavaThread "Reference Handler" daemon [_thread_blocked, id=39880, stack(0x0000005f07000000,0x0000005f07100000)]
  0x000001e16377cf60 JavaThread "Finalizer" daemon [_thread_blocked, id=42816, stack(0x0000005f07100000,0x0000005f07200000)]
  0x000001e1637a12a0 JavaThread "Signal Dispatcher" daemon [_thread_blocked, id=50012, stack(0x0000005f07200000,0x0000005f07300000)]
  0x000001e164140090 JavaThread "Attach Listener" daemon [_thread_blocked, id=51144, stack(0x0000005f07300000,0x0000005f07400000)]
  0x000001e164140950 JavaThread "Service Thread" daemon [_thread_blocked, id=42368, stack(0x0000005f07400000,0x0000005f07500000)]
  0x000001e164149620 JavaThread "Monitor Deflation Thread" daemon [_thread_blocked, id=46580, stack(0x0000005f07500000,0x0000005f07600000)]
=>0x000001e16416d720 JavaThread "C2 CompilerThread0" daemon [_thread_in_native, id=48424, stack(0x0000005f07600000,0x0000005f07700000)]
  0x000001e1637a23c0 JavaThread "C1 CompilerThread0" daemon [_thread_blocked, id=47192, stack(0x0000005f07700000,0x0000005f07800000)]
  0x000001e1637ae4b0 JavaThread "Sweeper thread" daemon [_thread_blocked, id=47196, stack(0x0000005f07800000,0x0000005f07900000)]
  0x000001e16426ce30 JavaThread "Common-Cleaner" daemon [_thread_blocked, id=48500, stack(0x0000005f07900000,0x0000005f07a00000)]
  0x000001e164417130 JavaThread "Notification Thread" daemon [_thread_blocked, id=51260, stack(0x0000005f07a00000,0x0000005f07b00000)]

Other Threads:
  0x000001e1637439a0 VMThread "VM Thread" [stack: 0x0000005f06f00000,0x0000005f07000000] [id=51272]
  0x000001e164359d80 WatcherThread [stack: 0x0000005f07b00000,0x0000005f07c00000] [id=32124]
  0x000001e14abd3da0 GCTaskThread "GC Thread#0" [stack: 0x0000005f06a00000,0x0000005f06b00000] [id=51244]
  0x000001e14abe1830 ConcurrentGCThread "G1 Main Marker" [stack: 0x0000005f06b00000,0x0000005f06c00000] [id=51228]
  0x000001e14abe39f0 ConcurrentGCThread "G1 Conc#0" [stack: 0x0000005f06c00000,0x0000005f06d00000] [id=51248]
  0x000001e1635c0090 ConcurrentGCThread "G1 Refine#0" [stack: 0x0000005f06d00000,0x0000005f06e00000] [id=51256]
  0x000001e1635c0950 ConcurrentGCThread "G1 Service" [stack: 0x0000005f06e00000,0x0000005f06f00000] [id=51252]

Threads with active compile tasks:
C2 CompilerThread0      396  303       4       java.util.HashMap::putVal (300 bytes)

VM state: not at safepoint (normal execution)

VM Mutex/Monitor currently owned by a thread: None

Heap address: 0x00000000a2600000, size: 1498 MB, Compressed Oops mode: 32-bit

CDS archive(s) not mapped
Compressed class space mapped at: 0x0000000100000000-0x0000000140000000, reserved size: 1073741824
Narrow klass base: 0x0000000000000000, Narrow klass shift: 3, Narrow klass range: 0x140000000

GC Precious Log:
 CPUs: 8 total, 8 available
 Memory: 5989M
 Large Page Support: Disabled
 NUMA Support: Disabled
 Compressed Oops: Enabled (32-bit)
 Heap Region Size: 1M
 Heap Min Capacity: 8M
 Heap Initial Capacity: 94M
 Heap Max Capacity: 1498M
 Pre-touch: Disabled
 Parallel Workers: 8
 Concurrent Workers: 2
 Concurrent Refinement Workers: 8
 Periodic GC: Disabled

Heap:
 garbage-first heap   total 96256K, used 2048K [0x00000000a2600000, 0x0000000100000000)
  region size 1024K, 3 young (3072K), 0 survivors (0K)
 Metaspace       used 7146K, committed 7296K, reserved 1056768K
  class space    used 641K, committed 704K, reserved 1048576K

Heap Regions: E=young(eden), S=young(survivor), O=old, HS=humongous(starts), HC=humongous(continues), CS=collection set, F=free, OA=open archive, CA=closed archive, TAMS=top-at-mark-start (previous, next)
|   0|0x00000000a2600000, 0x00000000a2600000, 0x00000000a2700000|  0%| F|  |TAMS 0x00000000a2600000, 0x00000000a2600000| Untracked 
|   1|0x00000000a2700000, 0x00000000a2700000, 0x00000000a2800000|  0%| F|  |TAMS 0x00000000a2700000, 0x00000000a2700000| Untracked 
|   2|0x00000000a2800000, 0x00000000a2800000, 0x00000000a2900000|  0%| F|  |TAMS 0x00000000a2800000, 0x00000000a2800000| Untracked 
|   3|0x00000000a2900000, 0x00000000a2900000, 0x00000000a2a00000|  0%| F|  |TAMS 0x00000000a2900000, 0x00000000a2900000| Untracked 
|   4|0x00000000a2a00000, 0x00000000a2a00000, 0x00000000a2b00000|  0%| F|  |TAMS 0x00000000a2a00000, 0x00000000a2a00000| Untracked 
|   5|0x00000000a2b00000, 0x00000000a2b00000, 0x00000000a2c00000|  0%| F|  |TAMS 0x00000000a2b00000, 0x00000000a2b00000| Untracked 
|   6|0x00000000a2c00000, 0x00000000a2c00000, 0x00000000a2d00000|  0%| F|  |TAMS 0x00000000a2c00000, 0x00000000a2c00000| Untracked 
|   7|0x00000000a2d00000, 0x00000000a2d00000, 0x00000000a2e00000|  0%| F|  |TAMS 0x00000000a2d00000, 0x00000000a2d00000| Untracked 
|   8|0x00000000a2e00000, 0x00000000a2e00000, 0x00000000a2f00000|  0%| F|  |TAMS 0x00000000a2e00000, 0x00000000a2e00000| Untracked 
|   9|0x00000000a2f00000, 0x00000000a2f00000, 0x00000000a3000000|  0%| F|  |TAMS 0x00000000a2f00000, 0x00000000a2f00000| Untracked 
|  10|0x00000000a3000000, 0x00000000a3000000, 0x00000000a3100000|  0%| F|  |TAMS 0x00000000a3000000, 0x00000000a3000000| Untracked 
|  11|0x00000000a3100000, 0x00000000a3100000, 0x00000000a3200000|  0%| F|  |TAMS 0x00000000a3100000, 0x00000000a3100000| Untracked 
|  12|0x00000000a3200000, 0x00000000a3200000, 0x00000000a3300000|  0%| F|  |TAMS 0x00000000a3200000, 0x00000000a3200000| Untracked 
|  13|0x00000000a3300000, 0x00000000a3300000, 0x00000000a3400000|  0%| F|  |TAMS 0x00000000a3300000, 0x00000000a3300000| Untracked 
|  14|0x00000000a3400000, 0x00000000a3400000, 0x00000000a3500000|  0%| F|  |TAMS 0x00000000a3400000, 0x00000000a3400000| Untracked 
|  15|0x00000000a3500000, 0x00000000a3500000, 0x00000000a3600000|  0%| F|  |TAMS 0x00000000a3500000, 0x00000000a3500000| Untracked 
|  16|0x00000000a3600000, 0x00000000a3600000, 0x00000000a3700000|  0%| F|  |TAMS 0x00000000a3600000, 0x00000000a3600000| Untracked 
|  17|0x00000000a3700000, 0x00000000a3700000, 0x00000000a3800000|  0%| F|  |TAMS 0x00000000a3700000, 0x00000000a3700000| Untracked 
|  18|0x00000000a3800000, 0x00000000a3800000, 0x00000000a3900000|  0%| F|  |TAMS 0x00000000a3800000, 0x00000000a3800000| Untracked 
|  19|0x00000000a3900000, 0x00000000a3900000, 0x00000000a3a00000|  0%| F|  |TAMS 0x00000000a3900000, 0x00000000a3900000| Untracked 
|  20|0x00000000a3a00000, 0x00000000a3a00000, 0x00000000a3b00000|  0%| F|  |TAMS 0x00000000a3a00000, 0x00000000a3a00000| Untracked 
|  21|0x00000000a3b00000, 0x00000000a3b00000, 0x00000000a3c00000|  0%| F|  |TAMS 0x00000000a3b00000, 0x00000000a3b00000| Untracked 
|  22|0x00000000a3c00000, 0x00000000a3c00000, 0x00000000a3d00000|  0%| F|  |TAMS 0x00000000a3c00000, 0x00000000a3c00000| Untracked 
|  23|0x00000000a3d00000, 0x00000000a3d00000, 0x00000000a3e00000|  0%| F|  |TAMS 0x00000000a3d00000, 0x00000000a3d00000| Untracked 
|  24|0x00000000a3e00000, 0x00000000a3e00000, 0x00000000a3f00000|  0%| F|  |TAMS 0x00000000a3e00000, 0x00000000a3e00000| Untracked 
|  25|0x00000000a3f00000, 0x00000000a3f00000, 0x00000000a4000000|  0%| F|  |TAMS 0x00000000a3f00000, 0x00000000a3f00000| Untracked 
|  26|0x00000000a4000000, 0x00000000a4000000, 0x00000000a4100000|  0%| F|  |TAMS 0x00000000a4000000, 0x00000000a4000000| Untracked 
|  27|0x00000000a4100000, 0x00000000a4100000, 0x00000000a4200000|  0%| F|  |TAMS 0x00000000a4100000, 0x00000000a4100000| Untracked 
|  28|0x00000000a4200000, 0x00000000a4200000, 0x00000000a4300000|  0%| F|  |TAMS 0x00000000a4200000, 0x00000000a4200000| Untracked 
|  29|0x00000000a4300000, 0x00000000a4300000, 0x00000000a4400000|  0%| F|  |TAMS 0x00000000a4300000, 0x00000000a4300000| Untracked 
|  30|0x00000000a4400000, 0x00000000a4400000, 0x00000000a4500000|  0%| F|  |TAMS 0x00000000a4400000, 0x00000000a4400000| Untracked 
|  31|0x00000000a4500000, 0x00000000a4500000, 0x00000000a4600000|  0%| F|  |TAMS 0x00000000a4500000, 0x00000000a4500000| Untracked 
|  32|0x00000000a4600000, 0x00000000a4600000, 0x00000000a4700000|  0%| F|  |TAMS 0x00000000a4600000, 0x00000000a4600000| Untracked 
|  33|0x00000000a4700000, 0x00000000a4700000, 0x00000000a4800000|  0%| F|  |TAMS 0x00000000a4700000, 0x00000000a4700000| Untracked 
|  34|0x00000000a4800000, 0x00000000a4800000, 0x00000000a4900000|  0%| F|  |TAMS 0x00000000a4800000, 0x00000000a4800000| Untracked 
|  35|0x00000000a4900000, 0x00000000a4900000, 0x00000000a4a00000|  0%| F|  |TAMS 0x00000000a4900000, 0x00000000a4900000| Untracked 
|  36|0x00000000a4a00000, 0x00000000a4a00000, 0x00000000a4b00000|  0%| F|  |TAMS 0x00000000a4a00000, 0x00000000a4a00000| Untracked 
|  37|0x00000000a4b00000, 0x00000000a4b00000, 0x00000000a4c00000|  0%| F|  |TAMS 0x00000000a4b00000, 0x00000000a4b00000| Untracked 
|  38|0x00000000a4c00000, 0x00000000a4c00000, 0x00000000a4d00000|  0%| F|  |TAMS 0x00000000a4c00000, 0x00000000a4c00000| Untracked 
|  39|0x00000000a4d00000, 0x00000000a4d00000, 0x00000000a4e00000|  0%| F|  |TAMS 0x00000000a4d00000, 0x00000000a4d00000| Untracked 
|  40|0x00000000a4e00000, 0x00000000a4e00000, 0x00000000a4f00000|  0%| F|  |TAMS 0x00000000a4e00000, 0x00000000a4e00000| Untracked 
|  41|0x00000000a4f00000, 0x00000000a4f00000, 0x00000000a5000000|  0%| F|  |TAMS 0x00000000a4f00000, 0x00000000a4f00000| Untracked 
|  42|0x00000000a5000000, 0x00000000a5000000, 0x00000000a5100000|  0%| F|  |TAMS 0x00000000a5000000, 0x00000000a5000000| Untracked 
|  43|0x00000000a5100000, 0x00000000a5100000, 0x00000000a5200000|  0%| F|  |TAMS 0x00000000a5100000, 0x00000000a5100000| Untracked 
|  44|0x00000000a5200000, 0x00000000a5200000, 0x00000000a5300000|  0%| F|  |TAMS 0x00000000a5200000, 0x00000000a5200000| Untracked 
|  45|0x00000000a5300000, 0x00000000a5300000, 0x00000000a5400000|  0%| F|  |TAMS 0x00000000a5300000, 0x00000000a5300000| Untracked 
|  46|0x00000000a5400000, 0x00000000a5400000, 0x00000000a5500000|  0%| F|  |TAMS 0x00000000a5400000, 0x00000000a5400000| Untracked 
|  47|0x00000000a5500000, 0x00000000a5500000, 0x00000000a5600000|  0%| F|  |TAMS 0x00000000a5500000, 0x00000000a5500000| Untracked 
|  48|0x00000000a5600000, 0x00000000a5600000, 0x00000000a5700000|  0%| F|  |TAMS 0x00000000a5600000, 0x00000000a5600000| Untracked 
|  49|0x00000000a5700000, 0x00000000a5700000, 0x00000000a5800000|  0%| F|  |TAMS 0x00000000a5700000, 0x00000000a5700000| Untracked 
|  50|0x00000000a5800000, 0x00000000a5800000, 0x00000000a5900000|  0%| F|  |TAMS 0x00000000a5800000, 0x00000000a5800000| Untracked 
|  51|0x00000000a5900000, 0x00000000a5900000, 0x00000000a5a00000|  0%| F|  |TAMS 0x00000000a5900000, 0x00000000a5900000| Untracked 
|  52|0x00000000a5a00000, 0x00000000a5a00000, 0x00000000a5b00000|  0%| F|  |TAMS 0x00000000a5a00000, 0x00000000a5a00000| Untracked 
|  53|0x00000000a5b00000, 0x00000000a5b00000, 0x00000000a5c00000|  0%| F|  |TAMS 0x00000000a5b00000, 0x00000000a5b00000| Untracked 
|  54|0x00000000a5c00000, 0x00000000a5c00000, 0x00000000a5d00000|  0%| F|  |TAMS 0x00000000a5c00000, 0x00000000a5c00000| Untracked 
|  55|0x00000000a5d00000, 0x00000000a5d00000, 0x00000000a5e00000|  0%| F|  |TAMS 0x00000000a5d00000, 0x00000000a5d00000| Untracked 
|  56|0x00000000a5e00000, 0x00000000a5e00000, 0x00000000a5f00000|  0%| F|  |TAMS 0x00000000a5e00000, 0x00000000a5e00000| Untracked 
|  57|0x00000000a5f00000, 0x00000000a5f00000, 0x00000000a6000000|  0%| F|  |TAMS 0x00000000a5f00000, 0x00000000a5f00000| Untracked 
|  58|0x00000000a6000000, 0x00000000a6000000, 0x00000000a6100000|  0%| F|  |TAMS 0x00000000a6000000, 0x00000000a6000000| Untracked 
|  59|0x00000000a6100000, 0x00000000a6100000, 0x00000000a6200000|  0%| F|  |TAMS 0x00000000a6100000, 0x00000000a6100000| Untracked 
|  60|0x00000000a6200000, 0x00000000a6200000, 0x00000000a6300000|  0%| F|  |TAMS 0x00000000a6200000, 0x00000000a6200000| Untracked 
|  61|0x00000000a6300000, 0x00000000a6300000, 0x00000000a6400000|  0%| F|  |TAMS 0x00000000a6300000, 0x00000000a6300000| Untracked 
|  62|0x00000000a6400000, 0x00000000a6400000, 0x00000000a6500000|  0%| F|  |TAMS 0x00000000a6400000, 0x00000000a6400000| Untracked 
|  63|0x00000000a6500000, 0x00000000a6500000, 0x00000000a6600000|  0%| F|  |TAMS 0x00000000a6500000, 0x00000000a6500000| Untracked 
|  64|0x00000000a6600000, 0x00000000a6600000, 0x00000000a6700000|  0%| F|  |TAMS 0x00000000a6600000, 0x00000000a6600000| Untracked 
|  65|0x00000000a6700000, 0x00000000a6700000, 0x00000000a6800000|  0%| F|  |TAMS 0x00000000a6700000, 0x00000000a6700000| Untracked 
|  66|0x00000000a6800000, 0x00000000a6800000, 0x00000000a6900000|  0%| F|  |TAMS 0x00000000a6800000, 0x00000000a6800000| Untracked 
|  67|0x00000000a6900000, 0x00000000a6900000, 0x00000000a6a00000|  0%| F|  |TAMS 0x00000000a6900000, 0x00000000a6900000| Untracked 
|  68|0x00000000a6a00000, 0x00000000a6a00000, 0x00000000a6b00000|  0%| F|  |TAMS 0x00000000a6a00000, 0x00000000a6a00000| Untracked 
|  69|0x00000000a6b00000, 0x00000000a6b00000, 0x00000000a6c00000|  0%| F|  |TAMS 0x00000000a6b00000, 0x00000000a6b00000| Untracked 
|  70|0x00000000a6c00000, 0x00000000a6c00000, 0x00000000a6d00000|  0%| F|  |TAMS 0x00000000a6c00000, 0x00000000a6c00000| Untracked 
|  71|0x00000000a6d00000, 0x00000000a6d00000, 0x00000000a6e00000|  0%| F|  |TAMS 0x00000000a6d00000, 0x00000000a6d00000| Untracked 
|  72|0x00000000a6e00000, 0x00000000a6e00000, 0x00000000a6f00000|  0%| F|  |TAMS 0x00000000a6e00000, 0x00000000a6e00000| Untracked 
|  73|0x00000000a6f00000, 0x00000000a6f00000, 0x00000000a7000000|  0%| F|  |TAMS 0x00000000a6f00000, 0x00000000a6f00000| Untracked 
|  74|0x00000000a7000000, 0x00000000a7000000, 0x00000000a7100000|  0%| F|  |TAMS 0x00000000a7000000, 0x00000000a7000000| Untracked 
|  75|0x00000000a7100000, 0x00000000a7100000, 0x00000000a7200000|  0%| F|  |TAMS 0x00000000a7100000, 0x00000000a7100000| Untracked 
|  76|0x00000000a7200000, 0x00000000a7200000, 0x00000000a7300000|  0%| F|  |TAMS 0x00000000a7200000, 0x00000000a7200000| Untracked 
|  77|0x00000000a7300000, 0x00000000a7300000, 0x00000000a7400000|  0%| F|  |TAMS 0x00000000a7300000, 0x00000000a7300000| Untracked 
|  78|0x00000000a7400000, 0x00000000a7400000, 0x00000000a7500000|  0%| F|  |TAMS 0x00000000a7400000, 0x00000000a7400000| Untracked 
|  79|0x00000000a7500000, 0x00000000a7500000, 0x00000000a7600000|  0%| F|  |TAMS 0x00000000a7500000, 0x00000000a7500000| Untracked 
|  80|0x00000000a7600000, 0x00000000a7600000, 0x00000000a7700000|  0%| F|  |TAMS 0x00000000a7600000, 0x00000000a7600000| Untracked 
|  81|0x00000000a7700000, 0x00000000a7700000, 0x00000000a7800000|  0%| F|  |TAMS 0x00000000a7700000, 0x00000000a7700000| Untracked 
|  82|0x00000000a7800000, 0x00000000a7800000, 0x00000000a7900000|  0%| F|  |TAMS 0x00000000a7800000, 0x00000000a7800000| Untracked 
|  83|0x00000000a7900000, 0x00000000a7900000, 0x00000000a7a00000|  0%| F|  |TAMS 0x00000000a7900000, 0x00000000a7900000| Untracked 
|  84|0x00000000a7a00000, 0x00000000a7a00000, 0x00000000a7b00000|  0%| F|  |TAMS 0x00000000a7a00000, 0x00000000a7a00000| Untracked 
|  85|0x00000000a7b00000, 0x00000000a7b00000, 0x00000000a7c00000|  0%| F|  |TAMS 0x00000000a7b00000, 0x00000000a7b00000| Untracked 
|  86|0x00000000a7c00000, 0x00000000a7c00000, 0x00000000a7d00000|  0%| F|  |TAMS 0x00000000a7c00000, 0x00000000a7c00000| Untracked 
|  87|0x00000000a7d00000, 0x00000000a7d00000, 0x00000000a7e00000|  0%| F|  |TAMS 0x00000000a7d00000, 0x00000000a7d00000| Untracked 
|  88|0x00000000a7e00000, 0x00000000a7e00000, 0x00000000a7f00000|  0%| F|  |TAMS 0x00000000a7e00000, 0x00000000a7e00000| Untracked 
|  89|0x00000000a7f00000, 0x00000000a7f00000, 0x00000000a8000000|  0%| F|  |TAMS 0x00000000a7f00000, 0x00000000a7f00000| Untracked 
|  90|0x00000000a8000000, 0x00000000a8000000, 0x00000000a8100000|  0%| F|  |TAMS 0x00000000a8000000, 0x00000000a8000000| Untracked 
|  91|0x00000000a8100000, 0x00000000a81ec090, 0x00000000a8200000| 92%| E|  |TAMS 0x00000000a8100000, 0x00000000a8100000| Complete 
|  92|0x00000000a8200000, 0x00000000a8300000, 0x00000000a8300000|100%| E|CS|TAMS 0x00000000a8200000, 0x00000000a8200000| Complete 
|  93|0x00000000a8300000, 0x00000000a8400000, 0x00000000a8400000|100%| E|CS|TAMS 0x00000000a8300000, 0x00000000a8300000| Complete 

Card table byte_map: [0x000001e15d870000,0x000001e15db60000] _byte_map_base: 0x000001e15d35d000

Marking Bits (Prev, Next): (CMBitMap*) 0x000001e14abd53c0, (CMBitMap*) 0x000001e14abd5400
 Prev Bits: [0x000001e15de50000, 0x000001e15f5b8000)
 Next Bits: [0x000001e15f5c0000, 0x000001e160d28000)

Polling page: 0x000001e148af0000

Metaspace:

Usage:
  Non-class:      6.43 MB used.
      Class:    649.03 KB used.
       Both:      7.07 MB used.

Virtual space:
  Non-class space:        8.00 MB reserved,       6.50 MB ( 81%) committed,  1 nodes.
      Class space:        1.00 GB reserved,     704.00 KB ( <1%) committed,  1 nodes.
             Both:        1.01 GB reserved,       7.19 MB ( <1%) committed. 

Chunk freelists:
   Non-Class:  1016.00 KB
       Class:  3.21 MB
        Both:  4.21 MB

MaxMetaspaceSize: unlimited
CompressedClassSpaceSize: 1.00 GB
Initial GC threshold: 21.00 MB
Current GC threshold: 21.00 MB
CDS: off
MetaspaceReclaimPolicy: balanced
 - commit_granule_bytes: 65536.
 - commit_granule_words: 8192.
 - virtual_space_node_default_size: 1048576.
 - enlarge_chunks_in_place: 1.
 - new_chunks_are_fully_committed: 0.
 - uncommit_free_chunks: 1.
 - use_allocation_guard: 0.
 - handle_deallocations: 1.


Internal statistics:

num_allocs_failed_limit: 0.
num_arena_births: 14.
num_arena_deaths: 0.
num_vsnodes_births: 2.
num_vsnodes_deaths: 0.
num_space_committed: 115.
num_space_uncommitted: 0.
num_chunks_returned_to_freelist: 0.
num_chunks_taken_from_freelist: 37.
num_chunk_merges: 0.
num_chunk_splits: 15.
num_chunks_enlarged: 7.
num_purges: 0.
num_inconsistent_stats: 0.

CodeHeap 'non-profiled nmethods': size=120000Kb used=86Kb max_used=86Kb free=119913Kb
 bounds [0x000001e155d10000, 0x000001e155f80000, 0x000001e15d240000]
CodeHeap 'profiled nmethods': size=120000Kb used=392Kb max_used=392Kb free=119607Kb
 bounds [0x000001e14e7e0000, 0x000001e14ea50000, 0x000001e155d10000]
CodeHeap 'non-nmethods': size=5760Kb used=1103Kb max_used=1109Kb free=4656Kb
 bounds [0x000001e14e240000, 0x000001e14e4b0000, 0x000001e14e7e0000]
 total_blobs=699 nmethods=321 adapters=291
 compilation: enabled
              stopped_count=0, restarted_count=0
 full_count=0

Compilation events (20 events):
Event: 0.359 Thread 0x000001e1637a23c0  311       1       java.lang.module.ModuleDescriptor$Version::toString (5 bytes)
Event: 0.359 Thread 0x000001e1637a23c0 nmethod 311 0x000001e155d24710 code [0x000001e155d248a0, 0x000001e155d24978]
Event: 0.360 Thread 0x000001e1637a23c0  313       1       java.lang.module.ResolvedModule::configuration (5 bytes)
Event: 0.360 Thread 0x000001e1637a23c0 nmethod 313 0x000001e155d24a10 code [0x000001e155d24ba0, 0x000001e155d24c78]
Event: 0.360 Thread 0x000001e1637a23c0  315       1       java.lang.module.ModuleDescriptor::isOpen (5 bytes)
Event: 0.360 Thread 0x000001e1637a23c0 nmethod 315 0x000001e155d24d10 code [0x000001e155d24ea0, 0x000001e155d24f78]
Event: 0.361 Thread 0x000001e1637a23c0  316       1       java.util.HashMap::size (5 bytes)
Event: 0.361 Thread 0x000001e1637a23c0 nmethod 316 0x000001e155d25010 code [0x000001e155d251a0, 0x000001e155d25278]
Event: 0.361 Thread 0x000001e1637a23c0  317       3       java.util.HashMap::<init> (11 bytes)
Event: 0.361 Thread 0x000001e1637a23c0 nmethod 317 0x000001e14e83fd10 code [0x000001e14e83fec0, 0x000001e14e840098]
Event: 0.364 Thread 0x000001e1637a23c0  318       3       java.lang.System::getSecurityManager (12 bytes)
Event: 0.365 Thread 0x000001e1637a23c0 nmethod 318 0x000001e14e840190 code [0x000001e14e840320, 0x000001e14e840498]
Event: 0.365 Thread 0x000001e1637a23c0  319       3       java.lang.System::allowSecurityManager (13 bytes)
Event: 0.365 Thread 0x000001e1637a23c0 nmethod 319 0x000001e14e840590 code [0x000001e14e840720, 0x000001e14e840838]
Event: 0.369 Thread 0x000001e1637a23c0  321       3       java.lang.StringUTF16::getChar (60 bytes)
Event: 0.369 Thread 0x000001e1637a23c0 nmethod 321 0x000001e14e840890 code [0x000001e14e840a20, 0x000001e14e840b98]
Event: 0.370 Thread 0x000001e1637a23c0  322       3       java.lang.String::isLatin1 (19 bytes)
Event: 0.371 Thread 0x000001e1637a23c0 nmethod 322 0x000001e14e840c90 code [0x000001e14e840e20, 0x000001e14e840f98]
Event: 0.371 Thread 0x000001e1637a23c0  323       3       java.lang.String::charAt (25 bytes)
Event: 0.371 Thread 0x000001e1637a23c0 nmethod 323 0x000001e14e841010 code [0x000001e14e841200, 0x000001e14e841738]

GC Heap History (0 events):
No events

Dll operation events (4 events):
Event: 0.012 Loaded shared library C:\Users\juana\.p2\pool\plugins\org.eclipse.justj.openjdk.hotspot.jre.full.win32.x86_64_17.0.5.v20221102-0933\jre\bin\java.dll
Event: 0.259 Loaded shared library C:\Users\juana\.p2\pool\plugins\org.eclipse.justj.openjdk.hotspot.jre.full.win32.x86_64_17.0.5.v20221102-0933\jre\bin\net.dll
Event: 0.262 Loaded shared library C:\Users\juana\.p2\pool\plugins\org.eclipse.justj.openjdk.hotspot.jre.full.win32.x86_64_17.0.5.v20221102-0933\jre\bin\nio.dll
Event: 0.277 Loaded shared library C:\Users\juana\.p2\pool\plugins\org.eclipse.justj.openjdk.hotspot.jre.full.win32.x86_64_17.0.5.v20221102-0933\jre\bin\zip.dll

Deoptimization events (8 events):
Event: 0.368 Thread 0x000001e14ab87060 Uncommon trap: trap_request=0xffffff45 fr.pc=0x000001e155d169dc relative=0x000000000000005c
Event: 0.368 Thread 0x000001e14ab87060 Uncommon trap: reason=unstable_if action=reinterpret pc=0x000001e155d169dc method=java.lang.String.isLatin1()Z @ 10 c2
Event: 0.368 Thread 0x000001e14ab87060 DEOPT PACKING pc=0x000001e155d169dc sp=0x0000005f069fe290
Event: 0.368 Thread 0x000001e14ab87060 DEOPT UNPACKING pc=0x000001e14e2923a3 sp=0x0000005f069fe220 mode 2
Event: 0.369 Thread 0x000001e14ab87060 Uncommon trap: trap_request=0xffffff45 fr.pc=0x000001e155d19b74 relative=0x0000000000000074
Event: 0.369 Thread 0x000001e14ab87060 Uncommon trap: reason=unstable_if action=reinterpret pc=0x000001e155d19b74 method=java.lang.String.isLatin1()Z @ 10 c2
Event: 0.369 Thread 0x000001e14ab87060 DEOPT PACKING pc=0x000001e155d19b74 sp=0x0000005f069fec90
Event: 0.369 Thread 0x000001e14ab87060 DEOPT UNPACKING pc=0x000001e14e2923a3 sp=0x0000005f069febd0 mode 2

Classes unloaded (0 events):
No events

Classes redefined (0 events):
No events

Internal exceptions (5 events):
Event: 0.326 Thread 0x000001e14ab87060 Exception <a 'java/lang/NoSuchMethodError'{0x00000000a82edc28}: 'void java.lang.invoke.DirectMethodHandle$Holder.invokeSpecial(java.lang.Object, java.lang.Object, java.lang.Object)'> (0x00000000a82edc28) 
thrown [s\src\hotspot\share\interpreter\linkResolver.cpp, line 759]
Event: 0.337 Thread 0x000001e14ab87060 Exception <a 'java/lang/NoSuchMethodError'{0x00000000a8104888}: 'void java.lang.invoke.DirectMethodHandle$Holder.invokeSpecial(java.lang.Object, java.lang.Object, java.lang.Object, java.lang.Object, java.lang.Object)'> (0x00000000a8104888) 
thrown [s\src\hotspot\share\interpreter\linkResolver.cpp, line 759]
Event: 0.342 Thread 0x000001e14ab87060 Exception <a 'java/lang/NoSuchMethodError'{0x00000000a8117678}: 'java.lang.Object java.lang.invoke.DirectMethodHandle$Holder.invokeInterface(java.lang.Object, java.lang.Object)'> (0x00000000a8117678) 
thrown [s\src\hotspot\share\interpreter\linkResolver.cpp, line 759]
Event: 0.343 Thread 0x000001e14ab87060 Exception <a 'java/lang/IncompatibleClassChangeError'{0x00000000a811abc8}: Found class java.lang.Object, but interface was expected> (0x00000000a811abc8) 
thrown [s\src\hotspot\share\interpreter\linkResolver.cpp, line 826]
Event: 0.344 Thread 0x000001e14ab87060 Exception <a 'java/lang/NoSuchMethodError'{0x00000000a811d990}: 'void java.lang.invoke.DirectMethodHandle$Holder.invokeStatic(java.lang.Object, java.lang.Object, java.lang.Object, java.lang.Object)'> (0x00000000a811d990) 
thrown [s\src\hotspot\share\interpreter\linkResolver.cpp, line 759]

VM Operations (2 events):
Event: 0.280 Executing VM operation: HandshakeAllThreads
Event: 0.280 Executing VM operation: HandshakeAllThreads done

Events (20 events):
Event: 0.364 loading class sun/launcher/LauncherHelper
Event: 0.367 loading class sun/launcher/LauncherHelper done
Event: 0.368 loading class sun/nio/cs/SingleByte$Decoder
Event: 0.368 loading class sun/nio/cs/ArrayDecoder
Event: 0.368 loading class sun/nio/cs/ArrayDecoder done
Event: 0.368 loading class sun/nio/cs/SingleByte$Decoder done
Event: 0.368 loading class sun/nio/cs/MS1252$Holder
Event: 0.368 loading class sun/nio/cs/MS1252$Holder done
Event: 0.369 loading class sun/nio/cs/SingleByte
Event: 0.369 loading class sun/nio/cs/SingleByte done
Event: 0.369 loading class sun/net/util/URLUtil
Event: 0.369 loading class sun/net/util/URLUtil done
Event: 0.369 loading class jdk/internal/loader/URLClassPath$3
Event: 0.369 loading class java/security/PrivilegedExceptionAction
Event: 0.370 loading class java/security/PrivilegedExceptionAction done
Event: 0.370 loading class jdk/internal/loader/URLClassPath$3 done
Event: 0.370 loading class jdk/internal/loader/URLClassPath$FileLoader
Event: 0.370 loading class jdk/internal/loader/URLClassPath$Loader
Event: 0.370 loading class jdk/internal/loader/URLClassPath$Loader done
Event: 0.370 loading class jdk/internal/loader/URLClassPath$FileLoader done


Dynamic libraries:
0x00007ff747070000 - 0x00007ff74707e000 	C:\Users\juana\.p2\pool\plugins\org.eclipse.justj.openjdk.hotspot.jre.full.win32.x86_64_17.0.5.v20221102-0933\jre\bin\javaw.exe
0x00007ffcc2450000 - 0x00007ffcc2664000 	C:\WINDOWS\SYSTEM32\ntdll.dll
0x00007ffcc06c0000 - 0x00007ffcc0783000 	C:\WINDOWS\System32\KERNEL32.DLL
0x00007ffcbf870000 - 0x00007ffcbfc0d000 	C:\WINDOWS\System32\KERNELBASE.dll
0x00007ffcbfeb0000 - 0x00007ffcbffc1000 	C:\WINDOWS\System32\ucrtbase.dll
0x00007ffcb7d00000 - 0x00007ffcb7d17000 	C:\Users\juana\.p2\pool\plugins\org.eclipse.justj.openjdk.hotspot.jre.full.win32.x86_64_17.0.5.v20221102-0933\jre\bin\jli.dll
0x00007ffcc0800000 - 0x00007ffcc09ad000 	C:\WINDOWS\System32\USER32.dll
0x00007ffcafae0000 - 0x00007ffcafaf9000 	C:\Users\juana\.p2\pool\plugins\org.eclipse.justj.openjdk.hotspot.jre.full.win32.x86_64_17.0.5.v20221102-0933\jre\bin\VCRUNTIME140.dll
0x00007ffcc00f0000 - 0x00007ffcc0116000 	C:\WINDOWS\System32\win32u.dll
0x00007ffcbeb30000 - 0x00007ffcbedbe000 	C:\WINDOWS\WinSxS\amd64_microsoft.windows.common-controls_6595b64144ccf1df_6.0.22621.608_none_a9444ca7c10bb01d\COMCTL32.dll
0x00007ffcc1660000 - 0x00007ffcc1689000 	C:\WINDOWS\System32\GDI32.dll
0x00007ffcc11a0000 - 0x00007ffcc1247000 	C:\WINDOWS\System32\msvcrt.dll
0x00007ffcbffd0000 - 0x00007ffcc00e2000 	C:\WINDOWS\System32\gdi32full.dll
0x00007ffcc01a0000 - 0x00007ffcc023a000 	C:\WINDOWS\System32\msvcp_win.dll
0x00007ffcc0c30000 - 0x00007ffcc0c62000 	C:\WINDOWS\System32\IMM32.DLL
0x00007ffcb9a90000 - 0x00007ffcb9a9c000 	C:\Users\juana\.p2\pool\plugins\org.eclipse.justj.openjdk.hotspot.jre.full.win32.x86_64_17.0.5.v20221102-0933\jre\bin\vcruntime140_1.dll
0x00007ffca95d0000 - 0x00007ffca9661000 	C:\Users\juana\.p2\pool\plugins\org.eclipse.justj.openjdk.hotspot.jre.full.win32.x86_64_17.0.5.v20221102-0933\jre\bin\msvcp140.dll
0x00007ffc835e0000 - 0x00007ffc84224000 	C:\Users\juana\.p2\pool\plugins\org.eclipse.justj.openjdk.hotspot.jre.full.win32.x86_64_17.0.5.v20221102-0933\jre\bin\server\jvm.dll
0x00007ffcc09b0000 - 0x00007ffcc0a5e000 	C:\WINDOWS\System32\ADVAPI32.dll
0x00007ffcc0c70000 - 0x00007ffcc0d14000 	C:\WINDOWS\System32\sechost.dll
0x00007ffcc0f60000 - 0x00007ffcc1075000 	C:\WINDOWS\System32\RPCRT4.dll
0x00007ffc8ef10000 - 0x00007ffc8ef19000 	C:\WINDOWS\SYSTEM32\WSOCK32.dll
0x00007ffcbc530000 - 0x00007ffcbc564000 	C:\WINDOWS\SYSTEM32\WINMM.dll
0x00007ffcb6f90000 - 0x00007ffcb6f9a000 	C:\WINDOWS\SYSTEM32\VERSION.dll
0x00007ffcc2090000 - 0x00007ffcc2101000 	C:\WINDOWS\System32\WS2_32.dll
0x00007ffcbda20000 - 0x00007ffcbda38000 	C:\WINDOWS\SYSTEM32\kernel.appcore.dll
0x00007ffcbf050000 - 0x00007ffcbf05a000 	C:\Users\juana\.p2\pool\plugins\org.eclipse.justj.openjdk.hotspot.jre.full.win32.x86_64_17.0.5.v20221102-0933\jre\bin\jimage.dll
0x00007ffcbf160000 - 0x00007ffcbf38e000 	C:\WINDOWS\SYSTEM32\DBGHELP.DLL
0x00007ffcc1260000 - 0x00007ffcc15ea000 	C:\WINDOWS\System32\combase.dll
0x00007ffcc2110000 - 0x00007ffcc21e7000 	C:\WINDOWS\System32\OLEAUT32.dll
0x00007ffcbef90000 - 0x00007ffcbefc2000 	C:\WINDOWS\SYSTEM32\dbgcore.DLL
0x00007ffcc0120000 - 0x00007ffcc019b000 	C:\WINDOWS\System32\bcryptPrimitives.dll
0x00007ffcb4260000 - 0x00007ffcb4285000 	C:\Users\juana\.p2\pool\plugins\org.eclipse.justj.openjdk.hotspot.jre.full.win32.x86_64_17.0.5.v20221102-0933\jre\bin\java.dll
0x00007ffcb7ce0000 - 0x00007ffcb7cf8000 	C:\Users\juana\.p2\pool\plugins\org.eclipse.justj.openjdk.hotspot.jre.full.win32.x86_64_17.0.5.v20221102-0933\jre\bin\zip.dll
0x00007ffcc1710000 - 0x00007ffcc1eff000 	C:\WINDOWS\System32\SHELL32.dll
0x00007ffcbc9b0000 - 0x00007ffcbd278000 	C:\WINDOWS\SYSTEM32\windows.storage.dll
0x00007ffcbc870000 - 0x00007ffcbc9ae000 	C:\WINDOWS\SYSTEM32\wintypes.dll
0x00007ffcc1080000 - 0x00007ffcc1171000 	C:\WINDOWS\System32\SHCORE.dll
0x00007ffcc15f0000 - 0x00007ffcc164e000 	C:\WINDOWS\System32\shlwapi.dll
0x00007ffcbf7a0000 - 0x00007ffcbf7c1000 	C:\WINDOWS\SYSTEM32\profapi.dll
0x00007ffcb3e40000 - 0x00007ffcb3e59000 	C:\Users\juana\.p2\pool\plugins\org.eclipse.justj.openjdk.hotspot.jre.full.win32.x86_64_17.0.5.v20221102-0933\jre\bin\net.dll
0x00007ffcb6da0000 - 0x00007ffcb6ecf000 	C:\WINDOWS\SYSTEM32\WINHTTP.dll
0x00007ffcbe630000 - 0x00007ffcbe699000 	C:\WINDOWS\system32\mswsock.dll
0x00007ffcb3e20000 - 0x00007ffcb3e35000 	C:\Users\juana\.p2\pool\plugins\org.eclipse.justj.openjdk.hotspot.jre.full.win32.x86_64_17.0.5.v20221102-0933\jre\bin\nio.dll

dbghelp: loaded successfully - version: 4.0.5 - missing functions: none
symbol engine: initialized successfully - sym options: 0x614 - pdb path: .;C:\Users\juana\.p2\pool\plugins\org.eclipse.justj.openjdk.hotspot.jre.full.win32.x86_64_17.0.5.v20221102-0933\jre\bin;C:\WINDOWS\SYSTEM32;C:\WINDOWS\WinSxS\amd64_microsoft.windows.common-controls_6595b64144ccf1df_6.0.22621.608_none_a9444ca7c10bb01d;C:\Users\juana\.p2\pool\plugins\org.eclipse.justj.openjdk.hotspot.jre.full.win32.x86_64_17.0.5.v20221102-0933\jre\bin\server

VM Arguments:
jvm_args: -Dfile.encoding=UTF-8 --module-path=C:\Users\juana\OneDrive\Escritorio\Espacio de Trabajo Eclipse\Alumnos Material\driver-connector\mysql-connector-java-5.1.46.jar -XX:+ShowCodeDetailsInExceptionMessages 
java_command: vista.Header
java_class_path (initial): C:\Users\juana\OneDrive\Escritorio\Espacio de Trabajo Eclipse\Alumnos Material\bin
Launcher Type: SUN_STANDARD

[Global flags]
     intx CICompilerCount                          = 4                                         {product} {ergonomic}
     uint ConcGCThreads                            = 2                                         {product} {ergonomic}
     uint G1ConcRefinementThreads                  = 8                                         {product} {ergonomic}
   size_t G1HeapRegionSize                         = 1048576                                   {product} {ergonomic}
    uintx GCDrainStackTargetSize                   = 64                                        {product} {ergonomic}
   size_t InitialHeapSize                          = 98566144                                  {product} {ergonomic}
   size_t MarkStackSize                            = 4194304                                   {product} {ergonomic}
   size_t MaxHeapSize                              = 1570766848                                {product} {ergonomic}
   size_t MaxNewSize                               = 941621248                                 {product} {ergonomic}
   size_t MinHeapDeltaBytes                        = 1048576                                   {product} {ergonomic}
   size_t MinHeapSize                              = 8388608                                   {product} {ergonomic}
    uintx NonNMethodCodeHeapSize                   = 5839372                                {pd product} {ergonomic}
    uintx NonProfiledCodeHeapSize                  = 122909434                              {pd product} {ergonomic}
    uintx ProfiledCodeHeapSize                     = 122909434                              {pd product} {ergonomic}
    uintx ReservedCodeCacheSize                    = 251658240                              {pd product} {ergonomic}
     bool SegmentedCodeCache                       = true                                      {product} {ergonomic}
     bool ShowCodeDetailsInExceptionMessages       = true                                   {manageable} {command line}
   size_t SoftMaxHeapSize                          = 1570766848                             {manageable} {ergonomic}
     bool UseCompressedClassPointers               = true                           {product lp64_product} {ergonomic}
     bool UseCompressedOops                        = true                           {product lp64_product} {ergonomic}
     bool UseG1GC                                  = true                                      {product} {ergonomic}
     bool UseLargePagesIndividualAllocation        = false                                  {pd product} {ergonomic}

Logging:
Log output configuration:
 #0: stdout all=warning uptime,level,tags
 #1: stderr all=off uptime,level,tags

Environment Variables:
PATH=C:/Users/juana/.p2/pool/plugins/org.eclipse.justj.openjdk.hotspot.jre.full.win32.x86_64_17.0.5.v20221102-0933/jre/bin/server;C:/Users/juana/.p2/pool/plugins/org.eclipse.justj.openjdk.hotspot.jre.full.win32.x86_64_17.0.5.v20221102-0933/jre/bin;C:\WINDOWS\system32;C:\WINDOWS;C:\WINDOWS\System32\Wbem;C:\WINDOWS\System32\WindowsPowerShell\v1.0\;C:\WINDOWS\System32\OpenSSH\;C:\Users\juana\AppData\Local\Microsoft\WindowsApps;;C:\Users\juana\OneDrive\Escritorio;
USERNAME=juana
OS=Windows_NT
PROCESSOR_IDENTIFIER=AMD64 Family 23 Model 104 Stepping 1, AuthenticAMD
TMP=C:\Users\juana\AppData\Local\Temp
TEMP=C:\Users\juana\AppData\Local\Temp



---------------  S Y S T E M  ---------------

OS:
 Windows 11 , 64 bit Build 22621 (10.0.22621.963)
OS uptime: 3 days 4:29 hours

CPU: total 8 (initial active 8) (8 cores per cpu, 2 threads per core) family 23 model 104 stepping 1 microcode 0x0, cx8, cmov, fxsr, ht, mmx, 3dnowpref, sse, sse2, sse3, ssse3, sse4a, sse4.1, sse4.2, popcnt, lzcnt, tsc, tscinvbit, avx, avx2, aes, clmul, bmi1, bmi2, adx, sha, fma, vzeroupper, clflush, clflushopt

Memory: 4k page, system-wide physical 5989M (226M free)
TotalPageFile size 24421M (AvailPageFile size 3M)
current process WorkingSet (physical memory assigned to process): 38M, peak: 38M
current process commit charge ("private bytes"): 172M, peak: 172M

vm_info: OpenJDK 64-Bit Server VM (17.0.5+8) for windows-amd64 JRE (17.0.5+8), built on Oct 19 2022 04:48:13 by "temurin" with MS VC++ 16.7 (VS2019)

END.
